# JRE version: OpenJDK Runtime Environment (8.0_112-b06) (build 1.8.0_112-release-b06)
# Java VM: OpenJDK 64-Bit Server VM (25.112-b06 mixed mode windows-amd64 compressed oops)
Heap:
 PSYoungGen      total 445952K, used 128K [0x00000000e0000000, 0x0000000100000000, 0x0000000100000000)
  eden space 371200K, 0% used [0x00000000e0000000,0x00000000e0000000,0x00000000f6a80000)
  from space 74752K, 0% used [0x00000000f6a80000,0x00000000f6aa0000,0x00000000fb380000)
  to   space 74240K, 0% used [0x00000000fb780000,0x00000000fb780000,0x0000000100000000)
 ParOldGen       total 230400K, used 206969K [0x00000000a0000000, 0x00000000ae100000, 0x00000000e0000000)
  object space 230400K, 89% used [0x00000000a0000000,0x00000000aca1e4e8,0x00000000ae100000)
 Metaspace       used 103296K, capacity 111376K, committed 112896K, reserved 1148928K
  class space    used 12661K, capacity 13678K, committed 14080K, reserved 1048576K
GC Heap History (10 events):
Event: 9619.195 GC heap after
Heap after GC invocations=82 (full 7):
 PSYoungGen      total 407552K, used 42933K [0x00000000e0000000, 0x00000000ffc00000, 0x0000000100000000)
  eden space 364544K, 0% used [0x00000000e0000000,0x00000000e0000000,0x00000000f6400000)
  from space 43008K, 99% used [0x00000000f6400000,0x00000000f8ded628,0x00000000f8e00000)
  to   space 77824K, 0% used [0x00000000fb000000,0x00000000fb000000,0x00000000ffc00000)
 ParOldGen       total 230400K, used 175977K [0x00000000a0000000, 0x00000000ae100000, 0x00000000e0000000)
  object space 230400K, 76% used [0x00000000a0000000,0x00000000aabda540,0x00000000ae100000)
 Metaspace       used 102726K, capacity 110798K, committed 112384K, reserved 1146880K
  class space    used 12607K, capacity 13613K, committed 14080K, reserved 1048576K
}
Event: 9621.072 GC heap before
{Heap before GC invocations=83 (full 7):
 PSYoungGen      total 407552K, used 407477K [0x00000000e0000000, 0x00000000ffc00000, 0x0000000100000000)
  eden space 364544K, 100% used [0x00000000e0000000,0x00000000f6400000,0x00000000f6400000)
  from space 43008K, 99% used [0x00000000f6400000,0x00000000f8ded628,0x00000000f8e00000)
  to   space 77824K, 0% used [0x00000000fb000000,0x00000000fb000000,0x00000000ffc00000)
 ParOldGen       total 230400K, used 176129K [0x00000000a0000000, 0x00000000ae100000, 0x00000000e0000000)
  object space 230400K, 76% used [0x00000000a0000000,0x00000000aac004f8,0x00000000ae100000)
 Metaspace       used 102752K, capacity 110798K, committed 112384K, reserved 1146880K
  class space    used 12607K, capacity 13613K, committed 14080K, reserved 1048576K
Event: 9621.138 GC heap after
Heap after GC invocations=83 (full 7):
 PSYoungGen      total 443904K, used 15902K [0x00000000e0000000, 0x0000000100000000, 0x0000000100000000)
  eden space 366080K, 0% used [0x00000000e0000000,0x00000000e0000000,0x00000000f6580000)
  from space 77824K, 20% used [0x00000000fb000000,0x00000000fbf87b80,0x00000000ffc00000)
  to   space 76288K, 0% used [0x00000000f6580000,0x00000000f6580000,0x00000000fb000000)
 ParOldGen       total 230400K, used 189102K [0x00000000a0000000, 0x00000000ae100000, 0x00000000e0000000)
  object space 230400K, 82% used [0x00000000a0000000,0x00000000ab8ab9b8,0x00000000ae100000)
 Metaspace       used 102752K, capacity 110798K, committed 112384K, reserved 1146880K
  class space    used 12607K, capacity 13613K, committed 14080K, reserved 1048576K
}
Event: 9621.142 GC heap before
{Heap before GC invocations=84 (full 7):
 PSYoungGen      total 443904K, used 16227K [0x00000000e0000000, 0x0000000100000000, 0x0000000100000000)
  eden space 366080K, 0% used [0x00000000e0000000,0x00000000e0051330,0x00000000f6580000)
  from space 77824K, 20% used [0x00000000fb000000,0x00000000fbf87b80,0x00000000ffc00000)
  to   space 76288K, 0% used [0x00000000f6580000,0x00000000f6580000,0x00000000fb000000)
 ParOldGen       total 230400K, used 189102K [0x00000000a0000000, 0x00000000ae100000, 0x00000000e0000000)
  object space 230400K, 82% used [0x00000000a0000000,0x00000000ab8ab9b8,0x00000000ae100000)
 Metaspace       used 102752K, capacity 110798K, committed 112384K, reserved 1146880K
  class space    used 12607K, capacity 13613K, committed 14080K, reserved 1048576K
Event: 9621.176 GC heap after
Heap after GC invocations=84 (full 7):
 PSYoungGen      total 442368K, used 96K [0x00000000e0000000, 0x00000000fff80000, 0x0000000100000000)
  eden space 366080K, 0% used [0x00000000e0000000,0x00000000e0000000,0x00000000f6580000)
  from space 76288K, 0% used [0x00000000f6580000,0x00000000f6598000,0x00000000fb000000)
  to   space 76800K, 0% used [0x00000000fb480000,0x00000000fb480000,0x00000000fff80000)
 ParOldGen       total 230400K, used 203699K [0x00000000a0000000, 0x00000000ae100000, 0x00000000e0000000)
  object space 230400K, 88% used [0x00000000a0000000,0x00000000ac6ecf40,0x00000000ae100000)
 Metaspace       used 102752K, capacity 110798K, committed 112384K, reserved 1146880K
  class space    used 12607K, capacity 13613K, committed 14080K, reserved 1048576K
}
Event: 9623.826 GC heap before
{Heap before GC invocations=85 (full 7):
 PSYoungGen      total 442368K, used 365939K [0x00000000e0000000, 0x00000000fff80000, 0x0000000100000000)
  eden space 366080K, 99% used [0x00000000e0000000,0x00000000f6544f00,0x00000000f6580000)
  from space 76288K, 0% used [0x00000000f6580000,0x00000000f6598000,0x00000000fb000000)
  to   space 76800K, 0% used [0x00000000fb480000,0x00000000fb480000,0x00000000fff80000)
 ParOldGen       total 230400K, used 203699K [0x00000000a0000000, 0x00000000ae100000, 0x00000000e0000000)
  object space 230400K, 88% used [0x00000000a0000000,0x00000000ac6ecf40,0x00000000ae100000)
 Metaspace       used 103296K, capacity 111376K, committed 112896K, reserved 1148928K
  class space    used 12661K, capacity 13678K, committed 14080K, reserved 1048576K
Event: 9623.835 GC heap after
Heap after GC invocations=85 (full 7):
 PSYoungGen      total 444928K, used 9417K [0x00000000e0000000, 0x00000000ffc80000, 0x0000000100000000)
  eden space 371200K, 0% used [0x00000000e0000000,0x00000000e0000000,0x00000000f6a80000)
  from space 73728K, 12% used [0x00000000fb480000,0x00000000fbdb2688,0x00000000ffc80000)
  to   space 74752K, 0% used [0x00000000f6a80000,0x00000000f6a80000,0x00000000fb380000)
 ParOldGen       total 230400K, used 203731K [0x00000000a0000000, 0x00000000ae100000, 0x00000000e0000000)
  object space 230400K, 88% used [0x00000000a0000000,0x00000000ac6f4f40,0x00000000ae100000)
 Metaspace       used 103296K, capacity 111376K, committed 112896K, reserved 1148928K
  class space    used 12661K, capacity 13678K, committed 14080K, reserved 1048576K
}
Event: 9623.919 GC heap before
{Heap before GC invocations=86 (full 7):
 PSYoungGen      total 444928K, used 379892K [0x00000000e0000000, 0x00000000ffc80000, 0x0000000100000000)
  eden space 371200K, 99% used [0x00000000e0000000,0x00000000f69cab40,0x00000000f6a80000)
  from space 73728K, 12% used [0x00000000fb480000,0x00000000fbdb2688,0x00000000ffc80000)
  to   space 74752K, 0% used [0x00000000f6a80000,0x00000000f6a80000,0x00000000fb380000)
 ParOldGen       total 230400K, used 203731K [0x00000000a0000000, 0x00000000ae100000, 0x00000000e0000000)
  object space 230400K, 88% used [0x00000000a0000000,0x00000000ac6f4f40,0x00000000ae100000)
 Metaspace       used 103296K, capacity 111376K, committed 112896K, reserved 1148928K
  class space    used 12661K, capacity 13678K, committed 14080K, reserved 1048576K
Event: 9623.925 GC heap after
Heap after GC invocations=86 (full 7):
 PSYoungGen      total 445952K, used 128K [0x00000000e0000000, 0x0000000100000000, 0x0000000100000000)
  eden space 371200K, 0% used [0x00000000e0000000,0x00000000e0000000,0x00000000f6a80000)
  from space 74752K, 0% used [0x00000000f6a80000,0x00000000f6aa0000,0x00000000fb380000)
  to   space 74240K, 0% used [0x00000000fb780000,0x00000000fb780000,0x0000000100000000)
 ParOldGen       total 230400K, used 206969K [0x00000000a0000000, 0x00000000ae100000, 0x00000000e0000000)
  object space 230400K, 89% used [0x00000000a0000000,0x00000000aca1e4e8,0x00000000ae100000)
 Metaspace       used 103296K, capacity 111376K, committed 112896K, reserved 1148928K
  class space    used 12661K, capacity 13678K, committed 14080K, reserved 1048576K
}
Event: 9623.925 GC heap before
{Heap before GC invocations=87 (full 8):
 PSYoungGen      total 445952K, used 128K [0x00000000e0000000, 0x0000000100000000, 0x0000000100000000)
  eden space 371200K, 0% used [0x00000000e0000000,0x00000000e0000000,0x00000000f6a80000)
  from space 74752K, 0% used [0x00000000f6a80000,0x00000000f6aa0000,0x00000000fb380000)
  to   space 74240K, 0% used [0x00000000fb780000,0x00000000fb780000,0x0000000100000000)
 ParOldGen       total 230400K, used 206969K [0x00000000a0000000, 0x00000000ae100000, 0x00000000e0000000)
  object space 230400K, 89% used [0x00000000a0000000,0x00000000aca1e4e8,0x00000000ae100000)
 Metaspace       used 103296K, capacity 111376K, committed 112896K, reserved 1148928K
  class space    used 12661K, capacity 13678K, committed 14080K, reserved 1048576K

